<?xml version="1.0" encoding="utf-8"?><testsuites name="pytest tests"><testsuite name="pytest" errors="0" failures="0" skipped="0" tests="14" time="10.450" timestamp="2026-06-26T20:08:04.652124+00:00" hostname="agent-env-dd8edd1a-0ed2-4ad0-ab1e-50987bcc9bbc"><testcase classname="backend.tests.test_phone_camera.TestPhoneCameraCreate" name="test_create_requires_admin" time="0.275" /><testcase classname="backend.tests.test_phone_camera.TestPhoneCameraCreate" name="test_create_returns_expected_shape" time="1.320" /><testcase classname="backend.tests.test_phone_camera.TestPhoneCameraQR" name="test_qr_png" time="0.592" /><testcase classname="backend.tests.test_phone_camera.TestPhoneCameraQR" name="test_qr_requires_admin" time="0.057" /><testcase classname="backend.tests.test_phone_camera.TestPhoneCameraQR" name="test_qr_404_for_nonexistent" time="0.532" /><testcase classname="backend.tests.test_phone_camera.TestPairInfo" name="test_pair_info_public_valid_token" time="0.301" /><testcase classname="backend.tests.test_phone_camera.TestPairInfo" name="test_pair_info_invalid_token" time="0.290" /><testcase classname="backend.tests.test_phone_camera.TestPairInfo" name="test_pair_info_no_auth_required" time="0.352" /><testcase classname="backend.tests.test_phone_camera.TestPhoneCameraWebSocket" name="test_ws_ingest_and_frame_fetch" time="1.750" /><testcase classname="backend.tests.test_phone_camera.TestPhoneCameraWebSocket" name="test_camera_kind_phone_in_listing" time="0.534" /><testcase classname="backend.tests.test_phone_camera.TestPhoneCameraWebSocket" name="test_ws_invalid_token_rejected" time="0.419" /><testcase classname="backend.tests.test_phone_camera.TestPhoneMjpegRestream" name="test_mjpeg_stream_serves_phone_frames" time="3.280" /><testcase classname="backend.tests.test_phone_camera.TestPhoneMjpegRestream" name="test_mjpeg_requires_token" time="0.094" /><testcase classname="backend.tests.test_phone_camera.TestCleanup" name="test_zzz_cleanup" time="0.541" /></testsuite></testsuites>