<?xml version="1.0" encoding="utf-8"?><testsuites name="pytest tests"><testsuite name="pytest" errors="0" failures="1" skipped="0" tests="34" time="4.085" timestamp="2026-06-18T01:13:50.168067+00:00" hostname="agent-env-dd8edd1a-0ed2-4ad0-ab1e-50987bcc9bbc"><testcase classname="backend.tests.backend_test.TestHealthMeta" name="test_health" time="0.003" /><testcase classname="backend.tests.backend_test.TestHealthMeta" name="test_meta_version" time="0.307" /><testcase classname="backend.tests.backend_test.TestAuth" name="test_login_ok" time="0.280" /><testcase classname="backend.tests.backend_test.TestAuth" name="test_login_wrong_password" time="0.273" /><testcase classname="backend.tests.backend_test.TestAuth" name="test_me" time="0.328" /><testcase classname="backend.tests.backend_test.TestAuth" name="test_me_no_token" time="0.055" /><testcase classname="backend.tests.backend_test.TestAnalytics" name="test_overview_auth_required" time="0.045" /><testcase classname="backend.tests.backend_test.TestAnalytics" name="test_overview_real_trend_and_window_fields" time="0.051"><failure message="AssertionError: missing detections_last_7d (real-trend computation)&#10;assert 'detections_last_7d' in {'total_users': 3, 'total_cameras': 6, 'active_cameras': 4, 'detections_today': 0, ...}">backend/tests/backend_test.py:124: in test_overview_real_trend_and_window_fields
    assert "detections_last_7d" in d, "missing detections_last_7d (real-trend computation)"
E   AssertionError: missing detections_last_7d (real-trend computation)
E   assert 'detections_last_7d' in {'total_users': 3, 'total_cameras': 6, 'active_cameras': 4, 'detections_today': 0, ...}</failure></testcase><testcase classname="backend.tests.backend_test.TestAnalytics" name="test_detection_trends" time="0.045" /><testcase classname="backend.tests.backend_test.TestAnalytics" name="test_recent_detections" time="0.054" /><testcase classname="backend.tests.backend_test.TestAnalytics" name="test_detection_status_trends" time="0.048" /><testcase classname="backend.tests.backend_test.TestAnalytics" name="test_object_stats" time="0.046" /><testcase classname="backend.tests.backend_test.TestAlerts" name="test_list" time="0.045" /><testcase classname="backend.tests.backend_test.TestAlerts" name="test_filter_severity" time="0.044" /><testcase classname="backend.tests.backend_test.TestAlerts" name="test_mark_read" time="0.106" /><testcase classname="backend.tests.backend_test.TestCameras" name="test_list" time="0.046" /><testcase classname="backend.tests.backend_test.TestCameras" name="test_admin_create_and_delete" time="0.106" /><testcase classname="backend.tests.backend_test.TestCameras" name="test_operator_cannot_create" time="0.315" /><testcase classname="backend.tests.backend_test.TestDetections" name="test_list_shape" time="0.047" /><testcase classname="backend.tests.backend_test.TestUsers" name="test_admin_list_items_total_shape" time="0.044" /><testcase classname="backend.tests.backend_test.TestUsers" name="test_operator_blocked" time="0.044" /><testcase classname="backend.tests.backend_test.TestUsers" name="test_enrollment_link" time="0.093" /><testcase classname="backend.tests.backend_test.TestUsers" name="test_patch_user_role" time="0.368" /><testcase classname="backend.tests.backend_test.TestAudit" name="test_audit_fields" time="0.047" /><testcase classname="backend.tests.backend_test.TestAudit" name="test_operator_blocked" time="0.046" /><testcase classname="backend.tests.backend_test.TestSettingsEmail" name="test_get_default" time="0.051" /><testcase classname="backend.tests.backend_test.TestSettingsEmail" name="test_patch_and_persist" time="0.104" /><testcase classname="backend.tests.backend_test.TestSettingsEmail" name="test_send_test_echoes_to" time="0.043" /><testcase classname="backend.tests.backend_test.TestSettingsEmail" name="test_operator_blocked" time="0.046" /><testcase classname="backend.tests.backend_test.TestStream" name="test_stream_status" time="0.046" /><testcase classname="backend.tests.backend_test.TestWebSocket" name="test_no_token_close_4401" time="0.164" /><testcase classname="backend.tests.backend_test.TestWebSocket" name="test_no_token_uses_close_code_4401" time="0.151" /><testcase classname="backend.tests.backend_test.TestWebSocket" name="test_invalid_token_close_4401" time="0.150" /><testcase classname="backend.tests.backend_test.TestWebSocket" name="test_valid_token_welcome_and_ping_pong" time="0.228" /></testsuite></testsuites>