<?xml version="1.0" encoding="utf-8"?><testsuites name="pytest tests"><testsuite name="pytest" errors="0" failures="1" skipped="0" tests="23" time="2.873" timestamp="2026-06-17T18:48:25.909931+00:00" hostname="agent-env-dd8edd1a-0ed2-4ad0-ab1e-50987bcc9bbc"><testcase classname="backend.tests.backend_test.TestHealthMeta" name="test_health" time="0.189"><failure message="requests.exceptions.JSONDecodeError: Expecting value: line 1 column 1 (char 0)">/root/.venv/lib/python3.11/site-packages/requests/models.py:1116: in json
    return complexjson.loads(self.text, **kwargs)
           ^^^^^^^^^^^^^^^^^^^^^^^^^^^^^^^^^^^^^^
/usr/local/lib/python3.11/json/__init__.py:346: in loads
    return _default_decoder.decode(s)
           ^^^^^^^^^^^^^^^^^^^^^^^^^^
/usr/local/lib/python3.11/json/decoder.py:337: in decode
    obj, end = self.raw_decode(s, idx=_w(s, 0).end())
               ^^^^^^^^^^^^^^^^^^^^^^^^^^^^^^^^^^^^^^
/usr/local/lib/python3.11/json/decoder.py:355: in raw_decode
    raise JSONDecodeError("Expecting value", s, err.value) from None
E   json.decoder.JSONDecodeError: Expecting value: line 1 column 1 (char 0)

During handling of the above exception, another exception occurred:
backend/tests/backend_test.py:70: in test_health
    assert r.json().get("status") == "healthy"
           ^^^^^^^^
/root/.venv/lib/python3.11/site-packages/requests/models.py:1120: in json
    raise RequestsJSONDecodeError(e.msg, e.doc, e.pos)
E   requests.exceptions.JSONDecodeError: Expecting value: line 1 column 1 (char 0)</failure></testcase><testcase classname="backend.tests.backend_test.TestHealthMeta" name="test_meta_version" time="0.047" /><testcase classname="backend.tests.backend_test.TestAuth" name="test_login_success" time="0.275" /><testcase classname="backend.tests.backend_test.TestAuth" name="test_login_wrong_password" time="0.270" /><testcase classname="backend.tests.backend_test.TestAuth" name="test_login_unknown_email" time="0.041" /><testcase classname="backend.tests.backend_test.TestAuth" name="test_me_with_token" time="0.311" /><testcase classname="backend.tests.backend_test.TestAuth" name="test_me_without_token" time="0.040" /><testcase classname="backend.tests.backend_test.TestAuth" name="test_register_new_then_duplicate" time="0.316" /><testcase classname="backend.tests.backend_test.TestAuth" name="test_forgot_password_always_ok" time="0.104" /><testcase classname="backend.tests.backend_test.TestAnalytics" name="test_overview_requires_auth" time="0.041" /><testcase classname="backend.tests.backend_test.TestAnalytics" name="test_overview_with_auth" time="0.042" /><testcase classname="backend.tests.backend_test.TestAnalytics" name="test_detection_trends" time="0.043" /><testcase classname="backend.tests.backend_test.TestAlerts" name="test_list_default" time="0.045" /><testcase classname="backend.tests.backend_test.TestAlerts" name="test_filter_severity" time="0.045" /><testcase classname="backend.tests.backend_test.TestAlerts" name="test_filter_today_only" time="0.046" /><testcase classname="backend.tests.backend_test.TestAlerts" name="test_search_q" time="0.045" /><testcase classname="backend.tests.backend_test.TestAlerts" name="test_mark_read_and_verify" time="0.097" /><testcase classname="backend.tests.backend_test.TestCameras" name="test_list_cameras_seeded" time="0.046" /><testcase classname="backend.tests.backend_test.TestCameras" name="test_admin_create_camera" time="0.086" /><testcase classname="backend.tests.backend_test.TestCameras" name="test_operator_cannot_create_camera" time="0.322" /><testcase classname="backend.tests.backend_test.TestStream" name="test_stream_status" time="0.052" /><testcase classname="backend.tests.backend_test.TestUsers" name="test_admin_can_list_users" time="0.043" /><testcase classname="backend.tests.backend_test.TestUsers" name="test_operator_cannot_list_users" time="0.044" /></testsuite></testsuites>